[LOG] Welcome to hyprpaper!
built from commit  ()
[LOG] Cleaned old hyprpaper preloads (2), removing 16.6MB
[LOG] Preloaded target /home/tolga/Wallpaper/araba.png in 40.32ms -> Pixel size: [1919, 1079]
[LOG] Preloaded target /home/tolga/Wallpaper/Dltb_welcome.jpg in 45.29ms -> Pixel size: [3840, 2160]
[LOG] Buffer created for target /home/tolga/Wallpaper/Dltb_welcome.jpg, Shared Memory usage: 8.3MB
[LOG] Buffer created for target /home/tolga/Wallpaper/araba.png, Shared Memory usage: 8.3MB
[LOG] Total SM usage for all buffers: 16.6MB
[LOG] hyprpaper socket started at /run/user/1000/hypr/4e242d086e20b32951fdc0ebcbfb4d41b5be8dcc_1754920857_1977061389/.hyprpaper.sock (fd: 4)
[LOG] configure for HDMI-A-1
[LOG] configure for HDMI-A-1
[LOG] configure for DP-3
[LOG] configure for DP-3
[LOG] Image data for HDMI-A-1: /home/tolga/Wallpaper/araba.png at [0.00, 0.22], scale: 1.00 (original image size: [1919, 1079])
[LOG] Submitting viewport dest size 1920x1080 for 5587aa3a0820
[LOG] Image data for DP-3: /home/tolga/Wallpaper/Dltb_welcome.jpg at [0.00, -0.00], scale: 0.50 (original image size: [3840, 2160])
[LOG] Submitting viewport dest size 1920x1080 for 5587aa3a6610
[LOG] handlePreferredScale: 1.00 for 5587aa3a0820
[LOG] handlePreferredScale: 1.00 for 5587aa3a6610
[LOG] No pointer capability from the compositor
[LOG] No pointer capability from the compositor
[LOG] No pointer capability from the compositor
